[1019/120359.643:INFO:CONSOLE(1)] "Long rAF frame-time", source: file:///C:/Program%20Files/Adobe/Adobe%20Photoshop%202020/Required/www-rich-tooltips/build/external.js (1)
[1019/120359.836:ERROR:mf_helpers.cc(14)] Error in dxva_video_decode_accelerator_win.cc on line 1612
[1019/120359.836:ERROR:mf_helpers.cc(14)] Error in dxva_video_decode_accelerator_win.cc on line 842
[1019/120359.874:WARNING:angle_platform_impl.cc(52)] compileToBinary(230): 
C:\fakepath(69,8-58): warning X3571: pow(f, e) will not work for negative f, use abs(f) or conditionally handle negative values if you expect them
C:\fakepath(77,9-43): warning X3571: pow(f, e) will not work for negative f, use abs(f) or conditionally handle negative values if you expect them

[1019/120430.116:ERROR:mf_helpers.cc(14)] Error in dxva_video_decode_accelerator_win.cc on line 1612
[1019/120430.116:ERROR:mf_helpers.cc(14)] Error in dxva_video_decode_accelerator_win.cc on line 842
[1019/120432.001:ERROR:mf_helpers.cc(14)] Error in dxva_video_decode_accelerator_win.cc on line 1612
[1019/120432.001:ERROR:mf_helpers.cc(14)] Error in dxva_video_decode_accelerator_win.cc on line 842
[1019/120432.602:ERROR:mf_helpers.cc(14)] Error in dxva_video_decode_accelerator_win.cc on line 1612
[1019/120432.602:ERROR:mf_helpers.cc(14)] Error in dxva_video_decode_accelerator_win.cc on line 842
[1019/120434.774:ERROR:mf_helpers.cc(14)] Error in dxva_video_decode_accelerator_win.cc on line 1612
[1019/120434.775:ERROR:mf_helpers.cc(14)] Error in dxva_video_decode_accelerator_win.cc on line 842
[1019/120435.414:ERROR:mf_helpers.cc(14)] Error in dxva_video_decode_accelerator_win.cc on line 1612
[1019/120435.414:ERROR:mf_helpers.cc(14)] Error in dxva_video_decode_accelerator_win.cc on line 842
[1019/120435.721:ERROR:mf_helpers.cc(14)] Error in dxva_video_decode_accelerator_win.cc on line 1612
[1019/120435.721:ERROR:mf_helpers.cc(14)] Error in dxva_video_decode_accelerator_win.cc on line 842
[1019/120436.047:ERROR:mf_helpers.cc(14)] Error in dxva_video_decode_accelerator_win.cc on line 1612
[1019/120436.047:ERROR:mf_helpers.cc(14)] Error in dxva_video_decode_accelerator_win.cc on line 842
[1019/120436.355:ERROR:mf_helpers.cc(14)] Error in dxva_video_decode_accelerator_win.cc on line 1612
[1019/120436.355:ERROR:mf_helpers.cc(14)] Error in dxva_video_decode_accelerator_win.cc on line 842
[1019/120436.970:ERROR:mf_helpers.cc(14)] Error in dxva_video_decode_accelerator_win.cc on line 1612
[1019/120436.971:ERROR:mf_helpers.cc(14)] Error in dxva_video_decode_accelerator_win.cc on line 842
[1019/171525.527:WARNING:dns_config_service_win.cc(668)] Failed to read DnsConfig.
[1019/171530.538:WARNING:dns_config_service_win.cc(668)] Failed to read DnsConfig.
[1019/171535.553:WARNING:dns_config_service_win.cc(668)] Failed to read DnsConfig.
[1019/171540.571:WARNING:dns_config_service_win.cc(668)] Failed to read DnsConfig.
[1019/171545.591:WARNING:dns_config_service_win.cc(668)] Failed to read DnsConfig.
[1019/171550.616:WARNING:dns_config_service_win.cc(668)] Failed to read DnsConfig.
[1019/171555.633:WARNING:dns_config_service_win.cc(668)] Failed to read DnsConfig.
[1019/171600.640:WARNING:dns_config_service_win.cc(668)] Failed to read DnsConfig.
[1019/171605.654:WARNING:dns_config_service_win.cc(668)] Failed to read DnsConfig.
[1019/171610.667:WARNING:dns_config_service_win.cc(668)] Failed to read DnsConfig.
[1019/171615.674:WARNING:dns_config_service_win.cc(668)] Failed to read DnsConfig.
[1019/171620.690:WARNING:dns_config_service_win.cc(668)] Failed to read DnsConfig.
[1019/171625.705:WARNING:dns_config_service_win.cc(668)] Failed to read DnsConfig.
[1019/171630.716:WARNING:dns_config_service_win.cc(668)] Failed to read DnsConfig.
[1019/171635.726:WARNING:dns_config_service_win.cc(668)] Failed to read DnsConfig.
[1019/171640.749:WARNING:dns_config_service_win.cc(668)] Failed to read DnsConfig.
[1019/171645.764:WARNING:dns_config_service_win.cc(668)] Failed to read DnsConfig.
[1019/171650.782:WARNING:dns_config_service_win.cc(668)] Failed to read DnsConfig.
[1019/171655.796:WARNING:dns_config_service_win.cc(668)] Failed to read DnsConfig.
[1019/171700.813:WARNING:dns_config_service_win.cc(668)] Failed to read DnsConfig.
[1019/171705.826:WARNING:dns_config_service_win.cc(668)] Failed to read DnsConfig.
[1019/171710.843:WARNING:dns_config_service_win.cc(668)] Failed to read DnsConfig.
[1019/171715.863:WARNING:dns_config_service_win.cc(668)] Failed to read DnsConfig.
[1019/171720.878:WARNING:dns_config_service_win.cc(668)] Failed to read DnsConfig.
[1019/171725.888:WARNING:dns_config_service_win.cc(668)] Failed to read DnsConfig.
[1019/171730.896:WARNING:dns_config_service_win.cc(668)] Failed to read DnsConfig.
[1019/171735.902:WARNING:dns_config_service_win.cc(668)] Failed to read DnsConfig.
[1019/171740.909:WARNING:dns_config_service_win.cc(668)] Failed to read DnsConfig.
[1019/171745.913:WARNING:dns_config_service_win.cc(668)] Failed to read DnsConfig.
[1019/171750.923:WARNING:dns_config_service_win.cc(668)] Failed to read DnsConfig.
[1019/171755.934:WARNING:dns_config_service_win.cc(668)] Failed to read DnsConfig.
[1019/171800.949:WARNING:dns_config_service_win.cc(668)] Failed to read DnsConfig.
[1019/171805.955:WARNING:dns_config_service_win.cc(668)] Failed to read DnsConfig.
[1019/171810.965:WARNING:dns_config_service_win.cc(668)] Failed to read DnsConfig.
[1019/171815.974:WARNING:dns_config_service_win.cc(668)] Failed to read DnsConfig.
[1019/171820.979:WARNING:dns_config_service_win.cc(668)] Failed to read DnsConfig.
[1019/171825.987:WARNING:dns_config_service_win.cc(668)] Failed to read DnsConfig.
[1019/171830.997:WARNING:dns_config_service_win.cc(668)] Failed to read DnsConfig.
[1019/171836.001:WARNING:dns_config_service_win.cc(668)] Failed to read DnsConfig.
[1019/171841.008:WARNING:dns_config_service_win.cc(668)] Failed to read DnsConfig.
[1019/171846.015:WARNING:dns_config_service_win.cc(668)] Failed to read DnsConfig.
[1019/171851.025:WARNING:dns_config_service_win.cc(668)] Failed to read DnsConfig.
[1019/174855.237:WARNING:dns_config_service_win.cc(668)] Failed to read DnsConfig.
[1020/082721.503:WARNING:dns_config_service_win.cc(668)] Failed to read DnsConfig.
[1020/082725.446:WARNING:dns_config_service_win.cc(668)] Failed to read DnsConfig.
[1020/082725.466:WARNING:dns_config_service_win.cc(668)] Failed to read DnsConfig.
[1020/082725.478:WARNING:dns_config_service_win.cc(668)] Failed to read DnsConfig.
[1020/082725.542:WARNING:dns_config_service_win.cc(668)] Failed to read DnsConfig.
[1020/082725.558:WARNING:dns_config_service_win.cc(668)] Failed to read DnsConfig.
[1020/082726.516:WARNING:dns_config_service_win.cc(668)] Failed to read DnsConfig.
[1020/091241.848:WARNING:dns_config_service_win.cc(668)] Failed to read DnsConfig.
[1020/093107.503:WARNING:dns_config_service_win.cc(668)] Failed to read DnsConfig.
[1020/094356.234:WARNING:dns_config_service_win.cc(668)] Failed to read DnsConfig.
[1020/130612.954:WARNING:dns_config_service_win.cc(668)] Failed to read DnsConfig.
[1020/130614.498:WARNING:dns_config_service_win.cc(668)] Failed to read DnsConfig.
[1020/130614.536:WARNING:dns_config_service_win.cc(668)] Failed to read DnsConfig.
[1020/134929.814:WARNING:dns_config_service_win.cc(668)] Failed to read DnsConfig.
[1020/164747.422:WARNING:dns_config_service_win.cc(668)] Failed to read DnsConfig.
[1022/094854.808:WARNING:dns_config_service_win.cc(668)] Failed to read DnsConfig.
[1022/094856.422:WARNING:dns_config_service_win.cc(668)] Failed to read DnsConfig.
[1022/094856.482:WARNING:dns_config_service_win.cc(668)] Failed to read DnsConfig.
[1022/133014.534:WARNING:dns_config_service_win.cc(668)] Failed to read DnsConfig.
[1022/133019.538:WARNING:dns_config_service_win.cc(668)] Failed to read DnsConfig.
[1022/133024.539:WARNING:dns_config_service_win.cc(668)] Failed to read DnsConfig.
[1022/133029.543:WARNING:dns_config_service_win.cc(668)] Failed to read DnsConfig.
[1022/133030.270:WARNING:dns_config_service_win.cc(668)] Failed to read DnsConfig.
[1022/172504.038:WARNING:dns_config_service_win.cc(668)] Failed to read DnsConfig.
[1022/205042.437:WARNING:dns_config_service_win.cc(668)] Failed to read DnsConfig.
[1022/205046.152:WARNING:dns_config_service_win.cc(668)] Failed to read DnsConfig.
[1022/205047.438:WARNING:dns_config_service_win.cc(668)] Failed to read DnsConfig.
[1022/205151.832:WARNING:dns_config_service_win.cc(668)] Failed to read DnsConfig.
[1023/143506.199:WARNING:dns_config_service_win.cc(668)] Failed to read DnsConfig.
